<?xml version="1.0" encoding="UTF-8" ?>
<testsuite tests="15" failures="0" name="step_definitions.RunCukesTest" time="1.464" errors="0" skipped="0">
  <properties>
    <property name="idea.version" value="2022.2.1"/>
    <property name="java.runtime.name" value="OpenJDK Runtime Environment"/>
    <property name="sun.boot.library.path" value="C:\Users\win10\.jdks\corretto-1.8.0_352\jre\bin"/>
    <property name="java.vm.version" value="25.352-b08"/>
    <property name="user.country.format" value="ID"/>
    <property name="java.vm.vendor" value="Amazon.com Inc."/>
    <property name="maven.multiModuleProjectDirectory" value="C:\Program Files\apache-maven-3.8.6\automationSauce"/>
    <property name="java.vendor.url" value="https://aws.amazon.com/corretto/"/>
    <property name="path.separator" value=";"/>
    <property name="guice.disable.misplaced.annotation.check" value="true"/>
    <property name="java.vm.name" value="OpenJDK 64-Bit Server VM"/>
    <property name="file.encoding.pkg" value="sun.io"/>
    <property name="user.script" value=""/>
    <property name="user.country" value="US"/>
    <property name="sun.java.launcher" value="SUN_STANDARD"/>
    <property name="sun.os.patch.level" value=""/>
    <property name="java.vm.specification.name" value="Java Virtual Machine Specification"/>
    <property name="user.dir" value="C:\Program Files\apache-maven-3.8.6\automationSauce"/>
    <property name="java.runtime.version" value="1.8.0_352-b08"/>
    <property name="java.awt.graphicsenv" value="sun.awt.Win32GraphicsEnvironment"/>
    <property name="java.endorsed.dirs" value="C:\Users\win10\.jdks\corretto-1.8.0_352\jre\lib\endorsed"/>
    <property name="os.arch" value="amd64"/>
    <property name="java.io.tmpdir" value="C:\Users\win10\AppData\Local\Temp\"/>
    <property name="line.separator" value="
"/>
    <property name="java.vm.specification.vendor" value="Oracle Corporation"/>
    <property name="user.variant" value=""/>
    <property name="os.name" value="Windows 10"/>
    <property name="maven.ext.class.path" value="C:\Program Files\JetBrains\IntelliJ IDEA Community Edition 2022.2.1\plugins\maven\lib\maven-event-listener.jar"/>
    <property name="classworlds.conf" value="C:\Program Files\JetBrains\IntelliJ IDEA Community Edition 2022.2.1\plugins\maven\lib\maven3\bin\m2.conf"/>
    <property name="sun.jnu.encoding" value="Cp1252"/>
    <property name="java.library.path" value="C:\Users\win10\.jdks\corretto-1.8.0_352\bin;C:\WINDOWS\Sun\Java\bin;C:\WINDOWS\system32;C:\WINDOWS;C:\ProgramData\Oracle\Java\javapath;C:\WINDOWS\system32;C:\WINDOWS;C:\WINDOWS\System32\Wbem;C:\WINDOWS\System32\WindowsPowerShell\v1.0\;C:\Program Files\Microsoft\Web Platform Installer\;C:\Program Files (x86)\Microsoft ASP.NET\ASP.NET Web Pages\v1.0\;C:\Program Files\Microsoft SQL Server\110\Tools\Binn\;C:\Program Files (x86)\GtkSharp\2.12\bin;C:\WINDOWS\System32\OpenSSH\;C:\Program Files\Git\cmd;C:\Program Files\Java\jdk-18.0.2.1\bin;C:\Program Files\apache-maven-3.8.6\bin;C:\Users\win10\AppData\Local\Microsoft\WindowsApps;;C:\Program Files\JetBrains\IntelliJ IDEA Community Edition 2022.2.1\bin;;C:\Program Files\JetBrains\IntelliJ IDEA Educational Edition 2022.1.3\bin;;."/>
    <property name="maven.conf" value="C:\Program Files\JetBrains\IntelliJ IDEA Community Edition 2022.2.1\plugins\maven\lib\maven3/conf"/>
    <property name="java.specification.name" value="Java Platform API Specification"/>
    <property name="java.class.version" value="52.0"/>
    <property name="sun.management.compiler" value="HotSpot 64-Bit Tiered Compilers"/>
    <property name="os.version" value="10.0"/>
    <property name="user.home" value="C:\Users\win10"/>
    <property name="user.timezone" value="Asia/Bangkok"/>
    <property name="java.awt.printerjob" value="sun.awt.windows.WPrinterJob"/>
    <property name="java.specification.version" value="1.8"/>
    <property name="file.encoding" value="UTF-8"/>
    <property name="user.name" value="win10"/>
    <property name="java.class.path" value="C:\Program Files\JetBrains\IntelliJ IDEA Community Edition 2022.2.1\plugins\maven\lib\maven3\boot\plexus-classworlds-2.6.0.jar;C:\Program Files\JetBrains\IntelliJ IDEA Community Edition 2022.2.1\plugins\maven\lib\maven3\boot\plexus-classworlds.license;C:\Program Files\JetBrains\IntelliJ IDEA Community Edition 2022.2.1\lib\idea_rt.jar"/>
    <property name="java.vm.specification.version" value="1.8"/>
    <property name="sun.arch.data.model" value="64"/>
    <property name="java.home" value="C:\Users\win10\.jdks\corretto-1.8.0_352\jre"/>
    <property name="sun.java.command" value="org.codehaus.classworlds.Launcher -Didea.version=2022.2.1 test"/>
    <property name="java.specification.vendor" value="Oracle Corporation"/>
    <property name="user.language" value="en"/>
    <property name="user.language.format" value="id"/>
    <property name="awt.toolkit" value="sun.awt.windows.WToolkit"/>
    <property name="java.vm.info" value="mixed mode"/>
    <property name="java.version" value="1.8.0_352"/>
    <property name="java.ext.dirs" value="C:\Users\win10\.jdks\corretto-1.8.0_352\jre\lib\ext;C:\WINDOWS\Sun\Java\lib\ext"/>
    <property name="sun.boot.class.path" value="C:\Users\win10\.jdks\corretto-1.8.0_352\jre\lib\resources.jar;C:\Users\win10\.jdks\corretto-1.8.0_352\jre\lib\rt.jar;C:\Users\win10\.jdks\corretto-1.8.0_352\jre\lib\sunrsasign.jar;C:\Users\win10\.jdks\corretto-1.8.0_352\jre\lib\jsse.jar;C:\Users\win10\.jdks\corretto-1.8.0_352\jre\lib\jce.jar;C:\Users\win10\.jdks\corretto-1.8.0_352\jre\lib\charsets.jar;C:\Users\win10\.jdks\corretto-1.8.0_352\jre\lib\jfr.jar;C:\Users\win10\.jdks\corretto-1.8.0_352\jre\classes"/>
    <property name="java.vendor" value="Amazon.com Inc."/>
    <property name="java.specification.maintenance.version" value="4"/>
    <property name="maven.home" value="C:\Program Files\JetBrains\IntelliJ IDEA Community Edition 2022.2.1\plugins\maven\lib\maven3"/>
    <property name="file.separator" value="\"/>
    <property name="java.vendor.url.bug" value="https://github.com/corretto/corretto-8/issues/"/>
    <property name="sun.cpu.endian" value="little"/>
    <property name="sun.io.unicode.encoding" value="UnicodeLittle"/>
    <property name="sun.desktop" value="windows"/>
    <property name="sun.cpu.isalist" value="amd64"/>
  </properties>
  <testcase classname="Given User open the web page(Scenario: User will short item by Name (Z to A))" name="Given User open the web page(Scenario: User will short item by Name " time="0.004"/>
  <testcase classname="When User input &quot;standard_user&quot; as userName and &quot;secret_sauce&quot; as password(Scenario: User will short item by Name (Z to A))" name="When User input &quot;standard_user&quot; as userName and &quot;secret_sauce&quot; as password(Scenario: User will short item by Name " time="0"/>
  <testcase classname="Then User sort product list by &quot;Name (Z to A)&quot;(Scenario: User will short item by Name (Z to A))" name="Then User sort product list by &quot;Name (Z to A)&quot;(Scenario: User will short item by Name " time="0"/>
  <testcase classname="Then User select 2 item in first line(Scenario: User will short item by Name (Z to A))" name="Then User select 2 item in first line(Scenario: User will short item by Name " time="0"/>
  <testcase classname="Then User click shopping chart icon(Scenario: User will short item by Name (Z to A))" name="Then User click shopping chart icon(Scenario: User will short item by Name " time="0"/>
  <testcase classname="Then User remove top item in list shopping chart(Scenario: User will short item by Name (Z to A))" name="Then User remove top item in list shopping chart(Scenario: User will short item by Name " time="0"/>
  <testcase classname="And User checkout the item(Scenario: User will short item by Name (Z to A))" name="And User checkout the item(Scenario: User will short item by Name " time="0"/>
  <testcase classname="Then User input &quot;Dewi&quot; as setFirstname and &quot;Kusuma&quot; as setLastname and &quot;28772&quot; as setPostalcode(Scenario: User will short item by Name (Z to A))" name="Then User input &quot;Dewi&quot; as setFirstname and &quot;Kusuma&quot; as setLastname and &quot;28772&quot; as setPostalcode(Scenario: User will short item by Name " time="0"/>
  <testcase classname="And User click continue(Scenario: User will short item by Name (Z to A))" name="And User click continue(Scenario: User will short item by Name " time="0"/>
  <testcase classname="Then User will see &quot;Item total: $7.99&quot; as expected Item total(Scenario: User will short item by Name (Z to A))" name="Then User will see &quot;Item total: $7.99&quot; as expected Item total(Scenario: User will short item by Name " time="0"/>
  <testcase classname="And &quot;Tax: $0.64&quot; as expected Tax(Scenario: User will short item by Name (Z to A))" name="And &quot;Tax: $0.64&quot; as expected Tax(Scenario: User will short item by Name " time="0"/>
  <testcase classname="And &quot;Total: $8.63&quot; as expected Total(Scenario: User will short item by Name (Z to A))" name="And &quot;Total: $8.63&quot; as expected Total(Scenario: User will short item by Name " time="0"/>
  <testcase classname="Then User click Finish(Scenario: User will short item by Name (Z to A))" name="Then User click Finish(Scenario: User will short item by Name " time="0"/>
  <testcase classname="Then User will see &quot;THANK YOU FOR YOUR ORDER&quot; as finishing(Scenario: User will short item by Name (Z to A))" name="Then User will see &quot;THANK YOU FOR YOUR ORDER&quot; as finishing(Scenario: User will short item by Name " time="0"/>
  <testcase classname="Z to A" name="Scenario: User will short item by Name " time="1.46"/>
</testsuite>